<?xml version="1.0" encoding="UTF-8"?>
<testng-results skipped="0" failed="0" ignored="0" total="2" passed="2">
  <reporter-output>
  </reporter-output>
  <suite name="Default suite" duration-ms="39" started-at="2022-07-21T14:04:31 PDT" finished-at="2022-07-21T14:04:31 PDT">
    <groups>
    </groups>
    <test name="Default test" duration-ms="39" started-at="2022-07-21T14:04:31 PDT" finished-at="2022-07-21T14:04:31 PDT">
      <class name="NewTest">
        <test-method status="PASS" signature="beforeTest()[pri:0, instance:NewTest@704a52ec]" name="beforeTest" is-config="true" duration-ms="8" started-at="2022-07-21T14:04:31 PDT" finished-at="2022-07-21T14:04:31 PDT">
          <reporter-output>
          </reporter-output>
        </test-method> <!-- beforeTest -->
        <test-method status="PASS" signature="MainPage()[pri:0, instance:NewTest@704a52ec]" name="MainPage" duration-ms="4" started-at="2022-07-21T14:04:31 PDT" finished-at="2022-07-21T14:04:31 PDT">
          <reporter-output>
          </reporter-output>
        </test-method> <!-- MainPage -->
        <test-method status="PASS" signature="RetailPage()[pri:0, instance:NewTest@704a52ec]" name="RetailPage" duration-ms="1" started-at="2022-07-21T14:04:31 PDT" finished-at="2022-07-21T14:04:31 PDT">
          <reporter-output>
          </reporter-output>
        </test-method> <!-- RetailPage -->
        <test-method status="PASS" signature="afterTest()[pri:0, instance:NewTest@704a52ec]" name="afterTest" is-config="true" duration-ms="0" started-at="2022-07-21T14:04:31 PDT" finished-at="2022-07-21T14:04:31 PDT">
          <reporter-output>
          </reporter-output>
        </test-method> <!-- afterTest -->
      </class> <!-- NewTest -->
    </test> <!-- Default test -->
  </suite> <!-- Default suite -->
</testng-results>
